<?xml version="1.0" encoding="UTF-8"?>
<!-- Generated by org.testng.reporters.JUnitXMLReporter -->
<testsuite hostname="DESKTOP-7BN1PCM" ignored="0" name="redbus" tests="4" failures="1" timestamp="07 Aug 2020 11:49:53 GMT" time="93.946" errors="0">
  <testcase name="bookTicketforRedBus" time="14.87" classname="tests.RedBusHomePageTest"/>
  <testcase name="getTitleHomePage" time="0.148" classname="tests.RedBusHomePageTest">
    <failure type="java.lang.AssertionError" message="expected [Book Bus Travels, AC Volvo Bus, rPool &amp;amp; Bus Hire - redBus IndiaS] but found [Book Bus Travels, AC Volvo Bus, rPool &amp;amp; Bus Hire - redBus India]">
      <![CDATA[java.lang.AssertionError: expected [Book Bus Travels, AC Volvo Bus, rPool & Bus Hire - redBus IndiaS] but found [Book Bus Travels, AC Volvo Bus, rPool & Bus Hire - redBus India]
at tests.RedBusHomePageTest.getTitleHomePage(RedBusHomePageTest.java:58)
... Removed 31 stack frames]]>
    </failure>
  </testcase> <!-- getTitleHomePage -->
  <testcase name="clickRPoolNewTab" time="0.005" classname="tests.RPoolTest">
    <skipped/>
  </testcase> <!-- clickRPoolNewTab -->
  <testcase name="bookTicketForRedBusPil" time="20.92" classname="tests.PilTest"/>
</testsuite> <!-- redbus -->
