<?xml version="1.0" encoding="UTF-8"?>
<testng-results skipped="1" failed="1" ignored="0" total="4" passed="2">
  <reporter-output>
  </reporter-output>
  <suite name="Suite" duration-ms="93946" started-at="2020-08-07T11:48:19Z" finished-at="2020-08-07T11:49:53Z">
    <groups>
    </groups>
    <test name="redbus" duration-ms="93946" started-at="2020-08-07T11:48:19Z" finished-at="2020-08-07T11:49:53Z">
      <class name="tests.RPoolTest">
        <test-method status="PASS" signature="launchBrowser()[pri:0, instance:tests.RPoolTest@4b29d1d2]" name="launchBrowser" is-config="true" duration-ms="9720" started-at="2020-08-07T11:49:00Z" finished-at="2020-08-07T11:49:09Z">
          <reporter-output>
          </reporter-output>
        </test-method> <!-- launchBrowser -->
        <test-method status="PASS" signature="launchURL()[pri:0, instance:tests.RPoolTest@4b29d1d2]" name="launchURL" is-config="true" duration-ms="3622" started-at="2020-08-07T11:49:09Z" finished-at="2020-08-07T11:49:13Z">
          <reporter-output>
          </reporter-output>
        </test-method> <!-- launchURL -->
        <test-method status="SKIP" signature="clickRPoolNewTab()[pri:0, instance:tests.RPoolTest@4b29d1d2]" name="clickRPoolNewTab" duration-ms="5" started-at="2020-08-07T11:49:13Z" finished-at="2020-08-07T11:49:13Z">
          <exception class="org.testng.SkipException">
            <message>
              <![CDATA[It is skipped as Implemetation is going on]]>
            </message>
            <full-stacktrace>
              <![CDATA[org.testng.SkipException: It is skipped as Implemetation is going on
at tests.RPoolTest.clickRPoolNewTab(RPoolTest.java:17)
at sun.reflect.NativeMethodAccessorImpl.invoke0(Native Method)
at sun.reflect.NativeMethodAccessorImpl.invoke(Unknown Source)
at sun.reflect.DelegatingMethodAccessorImpl.invoke(Unknown Source)
at java.lang.reflect.Method.invoke(Unknown Source)
at org.testng.internal.MethodInvocationHelper.invokeMethod(MethodInvocationHelper.java:124)
at org.testng.internal.Invoker.invokeMethod(Invoker.java:583)
at org.testng.internal.Invoker.invokeTestMethod(Invoker.java:719)
at org.testng.internal.Invoker.invokeTestMethods(Invoker.java:989)
at org.testng.internal.TestMethodWorker.invokeTestMethods(TestMethodWorker.java:125)
at org.testng.internal.TestMethodWorker.run(TestMethodWorker.java:109)
at org.testng.TestRunner.privateRun(TestRunner.java:648)
at org.testng.TestRunner.run(TestRunner.java:505)
at org.testng.SuiteRunner.runTest(SuiteRunner.java:455)
at org.testng.SuiteRunner.runSequentially(SuiteRunner.java:450)
at org.testng.SuiteRunner.privateRun(SuiteRunner.java:415)
at org.testng.SuiteRunner.run(SuiteRunner.java:364)
at org.testng.SuiteRunnerWorker.runSuite(SuiteRunnerWorker.java:52)
at org.testng.SuiteRunnerWorker.run(SuiteRunnerWorker.java:84)
at org.testng.TestNG.runSuitesSequentially(TestNG.java:1208)
at org.testng.TestNG.runSuitesLocally(TestNG.java:1137)
at org.testng.TestNG.runSuites(TestNG.java:1049)
at org.testng.TestNG.run(TestNG.java:1017)
at org.testng.remote.AbstractRemoteTestNG.run(AbstractRemoteTestNG.java:115)
at org.testng.remote.RemoteTestNG.initAndRun(RemoteTestNG.java:251)
at org.testng.remote.RemoteTestNG.main(RemoteTestNG.java:77)
]]>
            </full-stacktrace>
          </exception> <!-- org.testng.SkipException -->
          <reporter-output>
          </reporter-output>
        </test-method> <!-- clickRPoolNewTab -->
        <test-method status="PASS" signature="closeBrowser()[pri:0, instance:tests.RPoolTest@4b29d1d2]" name="closeBrowser" is-config="true" duration-ms="4389" started-at="2020-08-07T11:49:13Z" finished-at="2020-08-07T11:49:17Z">
          <reporter-output>
          </reporter-output>
        </test-method> <!-- closeBrowser -->
      </class> <!-- tests.RPoolTest -->
      <class name="tests.RedBusHomePageTest">
        <test-method status="PASS" signature="launchBrowser()[pri:0, instance:tests.RedBusHomePageTest@1349883]" name="launchBrowser" is-config="true" duration-ms="10689" started-at="2020-08-07T11:48:19Z" finished-at="2020-08-07T11:48:29Z">
          <reporter-output>
          </reporter-output>
        </test-method> <!-- launchBrowser -->
        <test-method status="PASS" signature="launchURL()[pri:0, instance:tests.RedBusHomePageTest@1349883]" name="launchURL" is-config="true" duration-ms="3066" started-at="2020-08-07T11:48:29Z" finished-at="2020-08-07T11:48:32Z">
          <reporter-output>
          </reporter-output>
        </test-method> <!-- launchURL -->
        <test-method status="PASS" signature="bookTicketforRedBus()[pri:0, instance:tests.RedBusHomePageTest@1349883]" name="bookTicketforRedBus" duration-ms="14870" started-at="2020-08-07T11:48:32Z" finished-at="2020-08-07T11:48:47Z">
          <reporter-output>
          </reporter-output>
        </test-method> <!-- bookTicketforRedBus -->
        <test-method status="PASS" signature="launchURL()[pri:0, instance:tests.RedBusHomePageTest@1349883]" name="launchURL" is-config="true" duration-ms="796" started-at="2020-08-07T11:48:47Z" finished-at="2020-08-07T11:48:48Z">
          <reporter-output>
          </reporter-output>
        </test-method> <!-- launchURL -->
        <test-method status="FAIL" signature="getTitleHomePage()[pri:0, instance:tests.RedBusHomePageTest@1349883]" name="getTitleHomePage" duration-ms="148" started-at="2020-08-07T11:48:48Z" finished-at="2020-08-07T11:48:48Z">
          <exception class="java.lang.AssertionError">
            <message>
              <![CDATA[expected [Book Bus Travels, AC Volvo Bus, rPool & Bus Hire - redBus IndiaS] but found [Book Bus Travels, AC Volvo Bus, rPool & Bus Hire - redBus India]]]>
            </message>
            <full-stacktrace>
              <![CDATA[java.lang.AssertionError: expected [Book Bus Travels, AC Volvo Bus, rPool & Bus Hire - redBus IndiaS] but found [Book Bus Travels, AC Volvo Bus, rPool & Bus Hire - redBus India]
at org.testng.Assert.fail(Assert.java:96)
at org.testng.Assert.failNotEquals(Assert.java:776)
at org.testng.Assert.assertEqualsImpl(Assert.java:137)
at org.testng.Assert.assertEquals(Assert.java:118)
at org.testng.Assert.assertEquals(Assert.java:453)
at org.testng.Assert.assertEquals(Assert.java:463)
at tests.RedBusHomePageTest.getTitleHomePage(RedBusHomePageTest.java:58)
at sun.reflect.NativeMethodAccessorImpl.invoke0(Native Method)
at sun.reflect.NativeMethodAccessorImpl.invoke(Unknown Source)
at sun.reflect.DelegatingMethodAccessorImpl.invoke(Unknown Source)
at java.lang.reflect.Method.invoke(Unknown Source)
at org.testng.internal.MethodInvocationHelper.invokeMethod(MethodInvocationHelper.java:124)
at org.testng.internal.Invoker.invokeMethod(Invoker.java:583)
at org.testng.internal.Invoker.invokeTestMethod(Invoker.java:719)
at org.testng.internal.Invoker.invokeTestMethods(Invoker.java:989)
at org.testng.internal.TestMethodWorker.invokeTestMethods(TestMethodWorker.java:125)
at org.testng.internal.TestMethodWorker.run(TestMethodWorker.java:109)
at org.testng.TestRunner.privateRun(TestRunner.java:648)
at org.testng.TestRunner.run(TestRunner.java:505)
at org.testng.SuiteRunner.runTest(SuiteRunner.java:455)
at org.testng.SuiteRunner.runSequentially(SuiteRunner.java:450)
at org.testng.SuiteRunner.privateRun(SuiteRunner.java:415)
at org.testng.SuiteRunner.run(SuiteRunner.java:364)
at org.testng.SuiteRunnerWorker.runSuite(SuiteRunnerWorker.java:52)
at org.testng.SuiteRunnerWorker.run(SuiteRunnerWorker.java:84)
at org.testng.TestNG.runSuitesSequentially(TestNG.java:1208)
at org.testng.TestNG.runSuitesLocally(TestNG.java:1137)
at org.testng.TestNG.runSuites(TestNG.java:1049)
at org.testng.TestNG.run(TestNG.java:1017)
at org.testng.remote.AbstractRemoteTestNG.run(AbstractRemoteTestNG.java:115)
at org.testng.remote.RemoteTestNG.initAndRun(RemoteTestNG.java:251)
at org.testng.remote.RemoteTestNG.main(RemoteTestNG.java:77)
]]>
            </full-stacktrace>
          </exception> <!-- java.lang.AssertionError -->
          <reporter-output>
          </reporter-output>
        </test-method> <!-- getTitleHomePage -->
        <test-method status="PASS" signature="closeBrowser()[pri:0, instance:tests.RedBusHomePageTest@1349883]" name="closeBrowser" is-config="true" duration-ms="4898" started-at="2020-08-07T11:48:55Z" finished-at="2020-08-07T11:49:00Z">
          <reporter-output>
          </reporter-output>
        </test-method> <!-- closeBrowser -->
      </class> <!-- tests.RedBusHomePageTest -->
      <class name="tests.PilTest">
        <test-method status="PASS" signature="launchBrowser()[pri:0, instance:tests.PilTest@7f485fda]" name="launchBrowser" is-config="true" duration-ms="9599" started-at="2020-08-07T11:49:17Z" finished-at="2020-08-07T11:49:27Z">
          <reporter-output>
          </reporter-output>
        </test-method> <!-- launchBrowser -->
        <test-method status="PASS" signature="launchURL()[pri:0, instance:tests.PilTest@7f485fda]" name="launchURL" is-config="true" duration-ms="4365" started-at="2020-08-07T11:49:27Z" finished-at="2020-08-07T11:49:31Z">
          <reporter-output>
          </reporter-output>
        </test-method> <!-- launchURL -->
        <test-method status="PASS" signature="bookTicketForRedBusPil()[pri:0, instance:tests.PilTest@7f485fda]" name="bookTicketForRedBusPil" duration-ms="20920" started-at="2020-08-07T11:49:31Z" finished-at="2020-08-07T11:49:52Z">
          <reporter-output>
          </reporter-output>
        </test-method> <!-- bookTicketForRedBusPil -->
        <test-method status="PASS" signature="closeBrowser()[pri:0, instance:tests.PilTest@7f485fda]" name="closeBrowser" is-config="true" duration-ms="305" started-at="2020-08-07T11:49:52Z" finished-at="2020-08-07T11:49:53Z">
          <reporter-output>
          </reporter-output>
        </test-method> <!-- closeBrowser -->
      </class> <!-- tests.PilTest -->
    </test> <!-- redbus -->
  </suite> <!-- Suite -->
</testng-results>
